name='TYPE'; value='void'; type='<class 'str'>'; line=1; index=0; end=4;
name='FUNCTION'; value='func'; type='<class 'str'>'; line=1; index=5; end=9;
name='ID'; value='$main'; type='<class 'str'>'; line=1; index=10; end=15;
name='('; value='('; type='<class 'str'>'; line=1; index=15; end=16;
name='TYPE'; value='array[string]'; type='<class 'str'>'; line=1; index=16; end=29;
name='ID'; value='#args'; type='<class 'str'>'; line=1; index=30; end=35;
name=')'; value=')'; type='<class 'str'>'; line=1; index=35; end=36;
name='{'; value='{'; type='<class 'str'>'; line=1; index=37; end=38;
name='TYPE'; value='integer'; type='<class 'str'>'; line=2; index=39; end=46;
name='ID'; value='#i'; type='<class 'str'>'; line=2; index=47; end=49;
name='='; value='='; type='<class 'str'>'; line=2; index=50; end=51;
name='INT'; value='0'; type='<class 'int'>'; line=2; index=52; end=53;
name=';'; value=';'; type='<class 'str'>'; line=2; index=53; end=54;
name='FOR'; value='for'; type='<class 'str'>'; line=3; index=55; end=58;
name='('; value='('; type='<class 'str'>'; line=3; index=59; end=60;
name='TYPE'; value='integer'; type='<class 'str'>'; line=3; index=60; end=67;
name='ID'; value='#i'; type='<class 'str'>'; line=3; index=68; end=70;
name='='; value='='; type='<class 'str'>'; line=3; index=71; end=72;
name='INT'; value='0'; type='<class 'int'>'; line=3; index=73; end=74;
name=';'; value=';'; type='<class 'str'>'; line=3; index=74; end=75;
name='ID'; value='#i'; type='<class 'str'>'; line=3; index=76; end=78;
name='<'; value='<'; type='<class 'str'>'; line=3; index=79; end=80;
name='INT'; value='10'; type='<class 'int'>'; line=3; index=81; end=83;
name=';'; value=';'; type='<class 'str'>'; line=3; index=83; end=84;
name='ID'; value='#i'; type='<class 'str'>'; line=3; index=85; end=87;
name='INCREASE'; value='++'; type='<class 'str'>'; line=3; index=87; end=89;
name=')'; value=')'; type='<class 'str'>'; line=3; index=89; end=90;
name='{'; value='{'; type='<class 'str'>'; line=3; index=91; end=92;
name='RETURN'; value='return'; type='<class 'str'>'; line=4; index=93; end=99;
name='ID'; value='#i'; type='<class 'str'>'; line=4; index=100; end=102;
name=';'; value=';'; type='<class 'str'>'; line=4; index=102; end=103;
name='}'; value='}'; type='<class 'str'>'; line=5; index=104; end=105;
name='}'; value='}'; type='<class 'str'>'; line=6; index=106; end=107;
